
> woi-onprem-mockup@0.0.0 dev
> vite --port 5173

Re-optimizing dependencies because vite config has changed

  VITE v5.4.21  ready in 1863 ms

  ➜  Local:   http://localhost:5173/
  ➜  Network: use --host to expose
PM 6:03:57 [vite] hmr update /src/components/Layout.tsx, /src/index.css
PM 6:09:18 [vite] hmr update /src/pages/FirewallPolicy.tsx, /src/index.css
PM 6:15:55 [vite] hmr update /src/pages/FirewallPolicy.tsx, /src/index.css
PM 6:24:13 [vite] hmr update /src/pages/FirewallPolicy.tsx, /src/index.css
PM 6:24:13 [vite] Internal server error: /Users/joseph/Dev_project/14-2.WorkSpaceOne/woi-v1.1/src/pages/FirewallPolicy.tsx: Invalid Unicode escape. (352:45)

  350 |                                     <td className="py-2.5 px-4 text-gray-600 dark:text-gray-400 flex justify-between items-center">
  351 |                                         <span>{approver.name}</span>
> 352 |                                         {idx \u003e 0 && (
      |                                              ^
  353 |                                         <button
  354 |                                             onClick={() => setApprovers(approvers.filter(a =\u003e a.id !== approver.id))}
  355 |                                         className="opacity-0 group-hover:opacity-100 text-red-400 hover:text-red-600 transition-opacity"
  Plugin: vite:react-babel
  File: /Users/joseph/Dev_project/14-2.WorkSpaceOne/woi-v1.1/src/pages/FirewallPolicy.tsx:352:45
  350|                                      <td className="py-2.5 px-4 text-gray-600 dark:text-gray-400 flex justify-between items-center">
  351|                                          <span>{approver.name}</span>
  352|                                          {idx \u003e 0 && (
     |                                               ^
  353|                                          <button
  354|                                              onClick={() => setApprovers(approvers.filter(a =\u003e a.id !== approver.id))}
      at constructor (/Users/joseph/Dev_project/14-2.WorkSpaceOne/woi-v1.1/node_modules/@babel/parser/lib/index.js:367:19)
      at TypeScriptParserMixin.raise (/Users/joseph/Dev_project/14-2.WorkSpaceOne/woi-v1.1/node_modules/@babel/parser/lib/index.js:6624:19)
      at TypeScriptParserMixin.readWord1 (/Users/joseph/Dev_project/14-2.WorkSpaceOne/woi-v1.1/node_modules/@babel/parser/lib/index.js:6592:18)
      at TypeScriptParserMixin.readWord (/Users/joseph/Dev_project/14-2.WorkSpaceOne/woi-v1.1/node_modules/@babel/parser/lib/index.js:6604:23)
      at TypeScriptParserMixin.getTokenFromCode (/Users/joseph/Dev_project/14-2.WorkSpaceOne/woi-v1.1/node_modules/@babel/parser/lib/index.js:6323:14)
      at TypeScriptParserMixin.getTokenFromCode (/Users/joseph/Dev_project/14-2.WorkSpaceOne/woi-v1.1/node_modules/@babel/parser/lib/index.js:4826:11)
      at TypeScriptParserMixin.getTokenFromCode (/Users/joseph/Dev_project/14-2.WorkSpaceOne/woi-v1.1/node_modules/@babel/parser/lib/index.js:10042:11)
      at TypeScriptParserMixin.nextToken (/Users/joseph/Dev_project/14-2.WorkSpaceOne/woi-v1.1/node_modules/@babel/parser/lib/index.js:5807:10)
      at TypeScriptParserMixin.next (/Users/joseph/Dev_project/14-2.WorkSpaceOne/woi-v1.1/node_modules/@babel/parser/lib/index.js:5717:10)
      at TypeScriptParserMixin.parseIdentifierName (/Users/joseph/Dev_project/14-2.WorkSpaceOne/woi-v1.1/node_modules/@babel/parser/lib/index.js:12287:10)
      at TypeScriptParserMixin.parseIdentifier (/Users/joseph/Dev_project/14-2.WorkSpaceOne/woi-v1.1/node_modules/@babel/parser/lib/index.js:12255:23)
      at TypeScriptParserMixin.parseExprAtom (/Users/joseph/Dev_project/14-2.WorkSpaceOne/woi-v1.1/node_modules/@babel/parser/lib/index.js:11482:27)
      at TypeScriptParserMixin.parseExprAtom (/Users/joseph/Dev_project/14-2.WorkSpaceOne/woi-v1.1/node_modules/@babel/parser/lib/index.js:4793:20)
      at TypeScriptParserMixin.parseExprSubscripts (/Users/joseph/Dev_project/14-2.WorkSpaceOne/woi-v1.1/node_modules/@babel/parser/lib/index.js:11145:23)
      at TypeScriptParserMixin.parseUpdate (/Users/joseph/Dev_project/14-2.WorkSpaceOne/woi-v1.1/node_modules/@babel/parser/lib/index.js:11130:21)
      at TypeScriptParserMixin.parseMaybeUnary (/Users/joseph/Dev_project/14-2.WorkSpaceOne/woi-v1.1/node_modules/@babel/parser/lib/index.js:11110:23)
      at TypeScriptParserMixin.parseMaybeUnary (/Users/joseph/Dev_project/14-2.WorkSpaceOne/woi-v1.1/node_modules/@babel/parser/lib/index.js:9890:18)
      at TypeScriptParserMixin.parseMaybeUnaryOrPrivate (/Users/joseph/Dev_project/14-2.WorkSpaceOne/woi-v1.1/node_modules/@babel/parser/lib/index.js:10963:61)
      at TypeScriptParserMixin.parseExprOps (/Users/joseph/Dev_project/14-2.WorkSpaceOne/woi-v1.1/node_modules/@babel/parser/lib/index.js:10968:23)
      at TypeScriptParserMixin.parseMaybeConditional (/Users/joseph/Dev_project/14-2.WorkSpaceOne/woi-v1.1/node_modules/@babel/parser/lib/index.js:10945:23)
      at TypeScriptParserMixin.parseMaybeAssign (/Users/joseph/Dev_project/14-2.WorkSpaceOne/woi-v1.1/node_modules/@babel/parser/lib/index.js:10895:21)
      at TypeScriptParserMixin.parseMaybeAssign (/Users/joseph/Dev_project/14-2.WorkSpaceOne/woi-v1.1/node_modules/@babel/parser/lib/index.js:9839:20)
      at TypeScriptParserMixin.parseExpressionBase (/Users/joseph/Dev_project/14-2.WorkSpaceOne/woi-v1.1/node_modules/@babel/parser/lib/index.js:10848:23)
      at /Users/joseph/Dev_project/14-2.WorkSpaceOne/woi-v1.1/node_modules/@babel/parser/lib/index.js:10844:39
      at TypeScriptParserMixin.allowInAnd (/Users/joseph/Dev_project/14-2.WorkSpaceOne/woi-v1.1/node_modules/@babel/parser/lib/index.js:12500:12)
      at TypeScriptParserMixin.parseExpression (/Users/joseph/Dev_project/14-2.WorkSpaceOne/woi-v1.1/node_modules/@babel/parser/lib/index.js:10844:17)
      at TypeScriptParserMixin.jsxParseExpressionContainer (/Users/joseph/Dev_project/14-2.WorkSpaceOne/woi-v1.1/node_modules/@babel/parser/lib/index.js:4661:31)
      at TypeScriptParserMixin.jsxParseElementAt (/Users/joseph/Dev_project/14-2.WorkSpaceOne/woi-v1.1/node_modules/@babel/parser/lib/index.js:4740:36)
      at TypeScriptParserMixin.jsxParseElementAt (/Users/joseph/Dev_project/14-2.WorkSpaceOne/woi-v1.1/node_modules/@babel/parser/lib/index.js:4727:32)
      at TypeScriptParserMixin.jsxParseElement (/Users/joseph/Dev_project/14-2.WorkSpaceOne/woi-v1.1/node_modules/@babel/parser/lib/index.js:4778:17)
      at TypeScriptParserMixin.parseExprAtom (/Users/joseph/Dev_project/14-2.WorkSpaceOne/woi-v1.1/node_modules/@babel/parser/lib/index.js:4788:19)
      at TypeScriptParserMixin.parseExprSubscripts (/Users/joseph/Dev_project/14-2.WorkSpaceOne/woi-v1.1/node_modules/@babel/parser/lib/index.js:11145:23)
      at TypeScriptParserMixin.parseUpdate (/Users/joseph/Dev_project/14-2.WorkSpaceOne/woi-v1.1/node_modules/@babel/parser/lib/index.js:11130:21)
      at TypeScriptParserMixin.parseMaybeUnary (/Users/joseph/Dev_project/14-2.WorkSpaceOne/woi-v1.1/node_modules/@babel/parser/lib/index.js:11110:23)
      at TypeScriptParserMixin.parseMaybeUnary (/Users/joseph/Dev_project/14-2.WorkSpaceOne/woi-v1.1/node_modules/@babel/parser/lib/index.js:9890:18)
      at TypeScriptParserMixin.parseMaybeUnaryOrPrivate (/Users/joseph/Dev_project/14-2.WorkSpaceOne/woi-v1.1/node_modules/@babel/parser/lib/index.js:10963:61)
      at TypeScriptParserMixin.parseExprOps (/Users/joseph/Dev_project/14-2.WorkSpaceOne/woi-v1.1/node_modules/@babel/parser/lib/index.js:10968:23)
      at TypeScriptParserMixin.parseMaybeConditional (/Users/joseph/Dev_project/14-2.WorkSpaceOne/woi-v1.1/node_modules/@babel/parser/lib/index.js:10945:23)
      at TypeScriptParserMixin.parseMaybeAssign (/Users/joseph/Dev_project/14-2.WorkSpaceOne/woi-v1.1/node_modules/@babel/parser/lib/index.js:10895:21)
      at /Users/joseph/Dev_project/14-2.WorkSpaceOne/woi-v1.1/node_modules/@babel/parser/lib/index.js:9828:39
      at TypeScriptParserMixin.tryParse (/Users/joseph/Dev_project/14-2.WorkSpaceOne/woi-v1.1/node_modules/@babel/parser/lib/index.js:6932:20)
      at TypeScriptParserMixin.parseMaybeAssign (/Users/joseph/Dev_project/14-2.WorkSpaceOne/woi-v1.1/node_modules/@babel/parser/lib/index.js:9828:18)
      at /Users/joseph/Dev_project/14-2.WorkSpaceOne/woi-v1.1/node_modules/@babel/parser/lib/index.js:10864:39
      at TypeScriptParserMixin.allowInAnd (/Users/joseph/Dev_project/14-2.WorkSpaceOne/woi-v1.1/node_modules/@babel/parser/lib/index.js:12500:12)
      at TypeScriptParserMixin.parseMaybeAssignAllowIn (/Users/joseph/Dev_project/14-2.WorkSpaceOne/woi-v1.1/node_modules/@babel/parser/lib/index.js:10864:17)
      at TypeScriptParserMixin.parseMaybeAssignAllowInOrVoidPattern (/Users/joseph/Dev_project/14-2.WorkSpaceOne/woi-v1.1/node_modules/@babel/parser/lib/index.js:12567:17)
      at TypeScriptParserMixin.parseParenAndDistinguishExpression (/Users/joseph/Dev_project/14-2.WorkSpaceOne/woi-v1.1/node_modules/@babel/parser/lib/index.js:11747:28)
      at TypeScriptParserMixin.parseExprAtom (/Users/joseph/Dev_project/14-2.WorkSpaceOne/woi-v1.1/node_modules/@babel/parser/lib/index.js:11395:23)
      at TypeScriptParserMixin.parseExprAtom (/Users/joseph/Dev_project/14-2.WorkSpaceOne/woi-v1.1/node_modules/@babel/parser/lib/index.js:4793:20)
      at TypeScriptParserMixin.parseExprSubscripts (/Users/joseph/Dev_project/14-2.WorkSpaceOne/woi-v1.1/node_modules/@babel/parser/lib/index.js:11145:23)
PM 6:24:13 [vite] Internal server error: /Users/joseph/Dev_project/14-2.WorkSpaceOne/woi-v1.1/src/pages/FirewallPolicy.tsx: Invalid Unicode escape. (352:45)

  350 |                                     <td className="py-2.5 px-4 text-gray-600 dark:text-gray-400 flex justify-between items-center">
  351 |                                         <span>{approver.name}</span>
> 352 |                                         {idx \u003e 0 && (
      |                                              ^
  353 |                                         <button
  354 |                                             onClick={() => setApprovers(approvers.filter(a =\u003e a.id !== approver.id))}
  355 |                                         className="opacity-0 group-hover:opacity-100 text-red-400 hover:text-red-600 transition-opacity"
  Plugin: vite:react-babel
  File: /Users/joseph/Dev_project/14-2.WorkSpaceOne/woi-v1.1/src/pages/FirewallPolicy.tsx:352:45
  350|                                      <td className="py-2.5 px-4 text-gray-600 dark:text-gray-400 flex justify-between items-center">
  351|                                          <span>{approver.name}</span>
  352|                                          {idx \u003e 0 && (
     |                                               ^
  353|                                          <button
  354|                                              onClick={() => setApprovers(approvers.filter(a =\u003e a.id !== approver.id))}
      at constructor (/Users/joseph/Dev_project/14-2.WorkSpaceOne/woi-v1.1/node_modules/@babel/parser/lib/index.js:367:19)
      at TypeScriptParserMixin.raise (/Users/joseph/Dev_project/14-2.WorkSpaceOne/woi-v1.1/node_modules/@babel/parser/lib/index.js:6624:19)
      at TypeScriptParserMixin.readWord1 (/Users/joseph/Dev_project/14-2.WorkSpaceOne/woi-v1.1/node_modules/@babel/parser/lib/index.js:6592:18)
      at TypeScriptParserMixin.readWord (/Users/joseph/Dev_project/14-2.WorkSpaceOne/woi-v1.1/node_modules/@babel/parser/lib/index.js:6604:23)
      at TypeScriptParserMixin.getTokenFromCode (/Users/joseph/Dev_project/14-2.WorkSpaceOne/woi-v1.1/node_modules/@babel/parser/lib/index.js:6323:14)
      at TypeScriptParserMixin.getTokenFromCode (/Users/joseph/Dev_project/14-2.WorkSpaceOne/woi-v1.1/node_modules/@babel/parser/lib/index.js:4826:11)
      at TypeScriptParserMixin.getTokenFromCode (/Users/joseph/Dev_project/14-2.WorkSpaceOne/woi-v1.1/node_modules/@babel/parser/lib/index.js:10042:11)
      at TypeScriptParserMixin.nextToken (/Users/joseph/Dev_project/14-2.WorkSpaceOne/woi-v1.1/node_modules/@babel/parser/lib/index.js:5807:10)
      at TypeScriptParserMixin.next (/Users/joseph/Dev_project/14-2.WorkSpaceOne/woi-v1.1/node_modules/@babel/parser/lib/index.js:5717:10)
      at TypeScriptParserMixin.parseIdentifierName (/Users/joseph/Dev_project/14-2.WorkSpaceOne/woi-v1.1/node_modules/@babel/parser/lib/index.js:12287:10)
      at TypeScriptParserMixin.parseIdentifier (/Users/joseph/Dev_project/14-2.WorkSpaceOne/woi-v1.1/node_modules/@babel/parser/lib/index.js:12255:23)
      at TypeScriptParserMixin.parseExprAtom (/Users/joseph/Dev_project/14-2.WorkSpaceOne/woi-v1.1/node_modules/@babel/parser/lib/index.js:11482:27)
      at TypeScriptParserMixin.parseExprAtom (/Users/joseph/Dev_project/14-2.WorkSpaceOne/woi-v1.1/node_modules/@babel/parser/lib/index.js:4793:20)
      at TypeScriptParserMixin.parseExprSubscripts (/Users/joseph/Dev_project/14-2.WorkSpaceOne/woi-v1.1/node_modules/@babel/parser/lib/index.js:11145:23)
      at TypeScriptParserMixin.parseUpdate (/Users/joseph/Dev_project/14-2.WorkSpaceOne/woi-v1.1/node_modules/@babel/parser/lib/index.js:11130:21)
      at TypeScriptParserMixin.parseMaybeUnary (/Users/joseph/Dev_project/14-2.WorkSpaceOne/woi-v1.1/node_modules/@babel/parser/lib/index.js:11110:23)
      at TypeScriptParserMixin.parseMaybeUnary (/Users/joseph/Dev_project/14-2.WorkSpaceOne/woi-v1.1/node_modules/@babel/parser/lib/index.js:9890:18)
      at TypeScriptParserMixin.parseMaybeUnaryOrPrivate (/Users/joseph/Dev_project/14-2.WorkSpaceOne/woi-v1.1/node_modules/@babel/parser/lib/index.js:10963:61)
      at TypeScriptParserMixin.parseExprOps (/Users/joseph/Dev_project/14-2.WorkSpaceOne/woi-v1.1/node_modules/@babel/parser/lib/index.js:10968:23)
      at TypeScriptParserMixin.parseMaybeConditional (/Users/joseph/Dev_project/14-2.WorkSpaceOne/woi-v1.1/node_modules/@babel/parser/lib/index.js:10945:23)
      at TypeScriptParserMixin.parseMaybeAssign (/Users/joseph/Dev_project/14-2.WorkSpaceOne/woi-v1.1/node_modules/@babel/parser/lib/index.js:10895:21)
      at TypeScriptParserMixin.parseMaybeAssign (/Users/joseph/Dev_project/14-2.WorkSpaceOne/woi-v1.1/node_modules/@babel/parser/lib/index.js:9839:20)
      at TypeScriptParserMixin.parseExpressionBase (/Users/joseph/Dev_project/14-2.WorkSpaceOne/woi-v1.1/node_modules/@babel/parser/lib/index.js:10848:23)
      at /Users/joseph/Dev_project/14-2.WorkSpaceOne/woi-v1.1/node_modules/@babel/parser/lib/index.js:10844:39
      at TypeScriptParserMixin.allowInAnd (/Users/joseph/Dev_project/14-2.WorkSpaceOne/woi-v1.1/node_modules/@babel/parser/lib/index.js:12500:12)
      at TypeScriptParserMixin.parseExpression (/Users/joseph/Dev_project/14-2.WorkSpaceOne/woi-v1.1/node_modules/@babel/parser/lib/index.js:10844:17)
      at TypeScriptParserMixin.jsxParseExpressionContainer (/Users/joseph/Dev_project/14-2.WorkSpaceOne/woi-v1.1/node_modules/@babel/parser/lib/index.js:4661:31)
      at TypeScriptParserMixin.jsxParseElementAt (/Users/joseph/Dev_project/14-2.WorkSpaceOne/woi-v1.1/node_modules/@babel/parser/lib/index.js:4740:36)
      at TypeScriptParserMixin.jsxParseElementAt (/Users/joseph/Dev_project/14-2.WorkSpaceOne/woi-v1.1/node_modules/@babel/parser/lib/index.js:4727:32)
      at TypeScriptParserMixin.jsxParseElement (/Users/joseph/Dev_project/14-2.WorkSpaceOne/woi-v1.1/node_modules/@babel/parser/lib/index.js:4778:17)
      at TypeScriptParserMixin.parseExprAtom (/Users/joseph/Dev_project/14-2.WorkSpaceOne/woi-v1.1/node_modules/@babel/parser/lib/index.js:4788:19)
      at TypeScriptParserMixin.parseExprSubscripts (/Users/joseph/Dev_project/14-2.WorkSpaceOne/woi-v1.1/node_modules/@babel/parser/lib/index.js:11145:23)
      at TypeScriptParserMixin.parseUpdate (/Users/joseph/Dev_project/14-2.WorkSpaceOne/woi-v1.1/node_modules/@babel/parser/lib/index.js:11130:21)
      at TypeScriptParserMixin.parseMaybeUnary (/Users/joseph/Dev_project/14-2.WorkSpaceOne/woi-v1.1/node_modules/@babel/parser/lib/index.js:11110:23)
      at TypeScriptParserMixin.parseMaybeUnary (/Users/joseph/Dev_project/14-2.WorkSpaceOne/woi-v1.1/node_modules/@babel/parser/lib/index.js:9890:18)
      at TypeScriptParserMixin.parseMaybeUnaryOrPrivate (/Users/joseph/Dev_project/14-2.WorkSpaceOne/woi-v1.1/node_modules/@babel/parser/lib/index.js:10963:61)
      at TypeScriptParserMixin.parseExprOps (/Users/joseph/Dev_project/14-2.WorkSpaceOne/woi-v1.1/node_modules/@babel/parser/lib/index.js:10968:23)
      at TypeScriptParserMixin.parseMaybeConditional (/Users/joseph/Dev_project/14-2.WorkSpaceOne/woi-v1.1/node_modules/@babel/parser/lib/index.js:10945:23)
      at TypeScriptParserMixin.parseMaybeAssign (/Users/joseph/Dev_project/14-2.WorkSpaceOne/woi-v1.1/node_modules/@babel/parser/lib/index.js:10895:21)
      at /Users/joseph/Dev_project/14-2.WorkSpaceOne/woi-v1.1/node_modules/@babel/parser/lib/index.js:9828:39
      at TypeScriptParserMixin.tryParse (/Users/joseph/Dev_project/14-2.WorkSpaceOne/woi-v1.1/node_modules/@babel/parser/lib/index.js:6932:20)
      at TypeScriptParserMixin.parseMaybeAssign (/Users/joseph/Dev_project/14-2.WorkSpaceOne/woi-v1.1/node_modules/@babel/parser/lib/index.js:9828:18)
      at /Users/joseph/Dev_project/14-2.WorkSpaceOne/woi-v1.1/node_modules/@babel/parser/lib/index.js:10864:39
      at TypeScriptParserMixin.allowInAnd (/Users/joseph/Dev_project/14-2.WorkSpaceOne/woi-v1.1/node_modules/@babel/parser/lib/index.js:12500:12)
      at TypeScriptParserMixin.parseMaybeAssignAllowIn (/Users/joseph/Dev_project/14-2.WorkSpaceOne/woi-v1.1/node_modules/@babel/parser/lib/index.js:10864:17)
      at TypeScriptParserMixin.parseMaybeAssignAllowInOrVoidPattern (/Users/joseph/Dev_project/14-2.WorkSpaceOne/woi-v1.1/node_modules/@babel/parser/lib/index.js:12567:17)
      at TypeScriptParserMixin.parseParenAndDistinguishExpression (/Users/joseph/Dev_project/14-2.WorkSpaceOne/woi-v1.1/node_modules/@babel/parser/lib/index.js:11747:28)
      at TypeScriptParserMixin.parseExprAtom (/Users/joseph/Dev_project/14-2.WorkSpaceOne/woi-v1.1/node_modules/@babel/parser/lib/index.js:11395:23)
      at TypeScriptParserMixin.parseExprAtom (/Users/joseph/Dev_project/14-2.WorkSpaceOne/woi-v1.1/node_modules/@babel/parser/lib/index.js:4793:20)
      at TypeScriptParserMixin.parseExprSubscripts (/Users/joseph/Dev_project/14-2.WorkSpaceOne/woi-v1.1/node_modules/@babel/parser/lib/index.js:11145:23)
PM 6:25:12 [vite] Pre-transform error: /Users/joseph/Dev_project/14-2.WorkSpaceOne/woi-v1.1/src/pages/FirewallPolicy.tsx: Invalid Unicode escape. (352:45)

  350 |                                     <td className="py-2.5 px-4 text-gray-600 dark:text-gray-400 flex justify-between items-center">
  351 |                                         <span>{approver.name}</span>
> 352 |                                         {idx \u003e 0 && (
      |                                              ^
  353 |                                         <button
  354 |                                             onClick={() => setApprovers(approvers.filter(a =\u003e a.id !== approver.id))}
  355 |                                         className="opacity-0 group-hover:opacity-100 text-red-400 hover:text-red-600 transition-opacity"
PM 6:25:12 [vite] Internal server error: /Users/joseph/Dev_project/14-2.WorkSpaceOne/woi-v1.1/src/pages/FirewallPolicy.tsx: Invalid Unicode escape. (352:45)

  350 |                                     <td className="py-2.5 px-4 text-gray-600 dark:text-gray-400 flex justify-between items-center">
  351 |                                         <span>{approver.name}</span>
> 352 |                                         {idx \u003e 0 && (
      |                                              ^
  353 |                                         <button
  354 |                                             onClick={() => setApprovers(approvers.filter(a =\u003e a.id !== approver.id))}
  355 |                                         className="opacity-0 group-hover:opacity-100 text-red-400 hover:text-red-600 transition-opacity"
  Plugin: vite:react-babel
  File: /Users/joseph/Dev_project/14-2.WorkSpaceOne/woi-v1.1/src/pages/FirewallPolicy.tsx:352:45
  350|                                      <td className="py-2.5 px-4 text-gray-600 dark:text-gray-400 flex justify-between items-center">
  351|                                          <span>{approver.name}</span>
  352|                                          {idx \u003e 0 && (
     |                                               ^
  353|                                          <button
  354|                                              onClick={() => setApprovers(approvers.filter(a =\u003e a.id !== approver.id))}
      at constructor (/Users/joseph/Dev_project/14-2.WorkSpaceOne/woi-v1.1/node_modules/@babel/parser/lib/index.js:367:19)
      at TypeScriptParserMixin.raise (/Users/joseph/Dev_project/14-2.WorkSpaceOne/woi-v1.1/node_modules/@babel/parser/lib/index.js:6624:19)
      at TypeScriptParserMixin.readWord1 (/Users/joseph/Dev_project/14-2.WorkSpaceOne/woi-v1.1/node_modules/@babel/parser/lib/index.js:6592:18)
      at TypeScriptParserMixin.readWord (/Users/joseph/Dev_project/14-2.WorkSpaceOne/woi-v1.1/node_modules/@babel/parser/lib/index.js:6604:23)
      at TypeScriptParserMixin.getTokenFromCode (/Users/joseph/Dev_project/14-2.WorkSpaceOne/woi-v1.1/node_modules/@babel/parser/lib/index.js:6323:14)
      at TypeScriptParserMixin.getTokenFromCode (/Users/joseph/Dev_project/14-2.WorkSpaceOne/woi-v1.1/node_modules/@babel/parser/lib/index.js:4826:11)
      at TypeScriptParserMixin.getTokenFromCode (/Users/joseph/Dev_project/14-2.WorkSpaceOne/woi-v1.1/node_modules/@babel/parser/lib/index.js:10042:11)
      at TypeScriptParserMixin.nextToken (/Users/joseph/Dev_project/14-2.WorkSpaceOne/woi-v1.1/node_modules/@babel/parser/lib/index.js:5807:10)
      at TypeScriptParserMixin.next (/Users/joseph/Dev_project/14-2.WorkSpaceOne/woi-v1.1/node_modules/@babel/parser/lib/index.js:5717:10)
      at TypeScriptParserMixin.parseIdentifierName (/Users/joseph/Dev_project/14-2.WorkSpaceOne/woi-v1.1/node_modules/@babel/parser/lib/index.js:12287:10)
      at TypeScriptParserMixin.parseIdentifier (/Users/joseph/Dev_project/14-2.WorkSpaceOne/woi-v1.1/node_modules/@babel/parser/lib/index.js:12255:23)
      at TypeScriptParserMixin.parseExprAtom (/Users/joseph/Dev_project/14-2.WorkSpaceOne/woi-v1.1/node_modules/@babel/parser/lib/index.js:11482:27)
      at TypeScriptParserMixin.parseExprAtom (/Users/joseph/Dev_project/14-2.WorkSpaceOne/woi-v1.1/node_modules/@babel/parser/lib/index.js:4793:20)
      at TypeScriptParserMixin.parseExprSubscripts (/Users/joseph/Dev_project/14-2.WorkSpaceOne/woi-v1.1/node_modules/@babel/parser/lib/index.js:11145:23)
      at TypeScriptParserMixin.parseUpdate (/Users/joseph/Dev_project/14-2.WorkSpaceOne/woi-v1.1/node_modules/@babel/parser/lib/index.js:11130:21)
      at TypeScriptParserMixin.parseMaybeUnary (/Users/joseph/Dev_project/14-2.WorkSpaceOne/woi-v1.1/node_modules/@babel/parser/lib/index.js:11110:23)
      at TypeScriptParserMixin.parseMaybeUnary (/Users/joseph/Dev_project/14-2.WorkSpaceOne/woi-v1.1/node_modules/@babel/parser/lib/index.js:9890:18)
      at TypeScriptParserMixin.parseMaybeUnaryOrPrivate (/Users/joseph/Dev_project/14-2.WorkSpaceOne/woi-v1.1/node_modules/@babel/parser/lib/index.js:10963:61)
      at TypeScriptParserMixin.parseExprOps (/Users/joseph/Dev_project/14-2.WorkSpaceOne/woi-v1.1/node_modules/@babel/parser/lib/index.js:10968:23)
      at TypeScriptParserMixin.parseMaybeConditional (/Users/joseph/Dev_project/14-2.WorkSpaceOne/woi-v1.1/node_modules/@babel/parser/lib/index.js:10945:23)
      at TypeScriptParserMixin.parseMaybeAssign (/Users/joseph/Dev_project/14-2.WorkSpaceOne/woi-v1.1/node_modules/@babel/parser/lib/index.js:10895:21)
      at TypeScriptParserMixin.parseMaybeAssign (/Users/joseph/Dev_project/14-2.WorkSpaceOne/woi-v1.1/node_modules/@babel/parser/lib/index.js:9839:20)
      at TypeScriptParserMixin.parseExpressionBase (/Users/joseph/Dev_project/14-2.WorkSpaceOne/woi-v1.1/node_modules/@babel/parser/lib/index.js:10848:23)
      at /Users/joseph/Dev_project/14-2.WorkSpaceOne/woi-v1.1/node_modules/@babel/parser/lib/index.js:10844:39
      at TypeScriptParserMixin.allowInAnd (/Users/joseph/Dev_project/14-2.WorkSpaceOne/woi-v1.1/node_modules/@babel/parser/lib/index.js:12500:12)
      at TypeScriptParserMixin.parseExpression (/Users/joseph/Dev_project/14-2.WorkSpaceOne/woi-v1.1/node_modules/@babel/parser/lib/index.js:10844:17)
      at TypeScriptParserMixin.jsxParseExpressionContainer (/Users/joseph/Dev_project/14-2.WorkSpaceOne/woi-v1.1/node_modules/@babel/parser/lib/index.js:4661:31)
      at TypeScriptParserMixin.jsxParseElementAt (/Users/joseph/Dev_project/14-2.WorkSpaceOne/woi-v1.1/node_modules/@babel/parser/lib/index.js:4740:36)
      at TypeScriptParserMixin.jsxParseElementAt (/Users/joseph/Dev_project/14-2.WorkSpaceOne/woi-v1.1/node_modules/@babel/parser/lib/index.js:4727:32)
      at TypeScriptParserMixin.jsxParseElement (/Users/joseph/Dev_project/14-2.WorkSpaceOne/woi-v1.1/node_modules/@babel/parser/lib/index.js:4778:17)
      at TypeScriptParserMixin.parseExprAtom (/Users/joseph/Dev_project/14-2.WorkSpaceOne/woi-v1.1/node_modules/@babel/parser/lib/index.js:4788:19)
      at TypeScriptParserMixin.parseExprSubscripts (/Users/joseph/Dev_project/14-2.WorkSpaceOne/woi-v1.1/node_modules/@babel/parser/lib/index.js:11145:23)
      at TypeScriptParserMixin.parseUpdate (/Users/joseph/Dev_project/14-2.WorkSpaceOne/woi-v1.1/node_modules/@babel/parser/lib/index.js:11130:21)
      at TypeScriptParserMixin.parseMaybeUnary (/Users/joseph/Dev_project/14-2.WorkSpaceOne/woi-v1.1/node_modules/@babel/parser/lib/index.js:11110:23)
      at TypeScriptParserMixin.parseMaybeUnary (/Users/joseph/Dev_project/14-2.WorkSpaceOne/woi-v1.1/node_modules/@babel/parser/lib/index.js:9890:18)
      at TypeScriptParserMixin.parseMaybeUnaryOrPrivate (/Users/joseph/Dev_project/14-2.WorkSpaceOne/woi-v1.1/node_modules/@babel/parser/lib/index.js:10963:61)
      at TypeScriptParserMixin.parseExprOps (/Users/joseph/Dev_project/14-2.WorkSpaceOne/woi-v1.1/node_modules/@babel/parser/lib/index.js:10968:23)
      at TypeScriptParserMixin.parseMaybeConditional (/Users/joseph/Dev_project/14-2.WorkSpaceOne/woi-v1.1/node_modules/@babel/parser/lib/index.js:10945:23)
      at TypeScriptParserMixin.parseMaybeAssign (/Users/joseph/Dev_project/14-2.WorkSpaceOne/woi-v1.1/node_modules/@babel/parser/lib/index.js:10895:21)
      at /Users/joseph/Dev_project/14-2.WorkSpaceOne/woi-v1.1/node_modules/@babel/parser/lib/index.js:9828:39
      at TypeScriptParserMixin.tryParse (/Users/joseph/Dev_project/14-2.WorkSpaceOne/woi-v1.1/node_modules/@babel/parser/lib/index.js:6932:20)
      at TypeScriptParserMixin.parseMaybeAssign (/Users/joseph/Dev_project/14-2.WorkSpaceOne/woi-v1.1/node_modules/@babel/parser/lib/index.js:9828:18)
      at /Users/joseph/Dev_project/14-2.WorkSpaceOne/woi-v1.1/node_modules/@babel/parser/lib/index.js:10864:39
      at TypeScriptParserMixin.allowInAnd (/Users/joseph/Dev_project/14-2.WorkSpaceOne/woi-v1.1/node_modules/@babel/parser/lib/index.js:12500:12)
      at TypeScriptParserMixin.parseMaybeAssignAllowIn (/Users/joseph/Dev_project/14-2.WorkSpaceOne/woi-v1.1/node_modules/@babel/parser/lib/index.js:10864:17)
      at TypeScriptParserMixin.parseMaybeAssignAllowInOrVoidPattern (/Users/joseph/Dev_project/14-2.WorkSpaceOne/woi-v1.1/node_modules/@babel/parser/lib/index.js:12567:17)
      at TypeScriptParserMixin.parseParenAndDistinguishExpression (/Users/joseph/Dev_project/14-2.WorkSpaceOne/woi-v1.1/node_modules/@babel/parser/lib/index.js:11747:28)
      at TypeScriptParserMixin.parseExprAtom (/Users/joseph/Dev_project/14-2.WorkSpaceOne/woi-v1.1/node_modules/@babel/parser/lib/index.js:11395:23)
      at TypeScriptParserMixin.parseExprAtom (/Users/joseph/Dev_project/14-2.WorkSpaceOne/woi-v1.1/node_modules/@babel/parser/lib/index.js:4793:20)
      at TypeScriptParserMixin.parseExprSubscripts (/Users/joseph/Dev_project/14-2.WorkSpaceOne/woi-v1.1/node_modules/@babel/parser/lib/index.js:11145:23)
PM 6:25:24 [vite] Internal server error: /Users/joseph/Dev_project/14-2.WorkSpaceOne/woi-v1.1/src/pages/FirewallPolicy.tsx: Invalid Unicode escape. (352:45)

  350 |                                     <td className="py-2.5 px-4 text-gray-600 dark:text-gray-400 flex justify-between items-center">
  351 |                                         <span>{approver.name}</span>
> 352 |                                         {idx \u003e 0 && (
      |                                              ^
  353 |                                         <button
  354 |                                             onClick={() => setApprovers(approvers.filter(a =\u003e a.id !== approver.id))}
  355 |                                         className="opacity-0 group-hover:opacity-100 text-red-400 hover:text-red-600 transition-opacity"
  Plugin: vite:react-babel
  File: /Users/joseph/Dev_project/14-2.WorkSpaceOne/woi-v1.1/src/pages/FirewallPolicy.tsx:352:45
  350|                                      <td className="py-2.5 px-4 text-gray-600 dark:text-gray-400 flex justify-between items-center">
  351|                                          <span>{approver.name}</span>
  352|                                          {idx \u003e 0 && (
     |                                               ^
  353|                                          <button
  354|                                              onClick={() => setApprovers(approvers.filter(a =\u003e a.id !== approver.id))}
      at constructor (/Users/joseph/Dev_project/14-2.WorkSpaceOne/woi-v1.1/node_modules/@babel/parser/lib/index.js:367:19)
      at TypeScriptParserMixin.raise (/Users/joseph/Dev_project/14-2.WorkSpaceOne/woi-v1.1/node_modules/@babel/parser/lib/index.js:6624:19)
      at TypeScriptParserMixin.readWord1 (/Users/joseph/Dev_project/14-2.WorkSpaceOne/woi-v1.1/node_modules/@babel/parser/lib/index.js:6592:18)
      at TypeScriptParserMixin.readWord (/Users/joseph/Dev_project/14-2.WorkSpaceOne/woi-v1.1/node_modules/@babel/parser/lib/index.js:6604:23)
      at TypeScriptParserMixin.getTokenFromCode (/Users/joseph/Dev_project/14-2.WorkSpaceOne/woi-v1.1/node_modules/@babel/parser/lib/index.js:6323:14)
      at TypeScriptParserMixin.getTokenFromCode (/Users/joseph/Dev_project/14-2.WorkSpaceOne/woi-v1.1/node_modules/@babel/parser/lib/index.js:4826:11)
      at TypeScriptParserMixin.getTokenFromCode (/Users/joseph/Dev_project/14-2.WorkSpaceOne/woi-v1.1/node_modules/@babel/parser/lib/index.js:10042:11)
      at TypeScriptParserMixin.nextToken (/Users/joseph/Dev_project/14-2.WorkSpaceOne/woi-v1.1/node_modules/@babel/parser/lib/index.js:5807:10)
      at TypeScriptParserMixin.next (/Users/joseph/Dev_project/14-2.WorkSpaceOne/woi-v1.1/node_modules/@babel/parser/lib/index.js:5717:10)
      at TypeScriptParserMixin.parseIdentifierName (/Users/joseph/Dev_project/14-2.WorkSpaceOne/woi-v1.1/node_modules/@babel/parser/lib/index.js:12287:10)
      at TypeScriptParserMixin.parseIdentifier (/Users/joseph/Dev_project/14-2.WorkSpaceOne/woi-v1.1/node_modules/@babel/parser/lib/index.js:12255:23)
      at TypeScriptParserMixin.parseExprAtom (/Users/joseph/Dev_project/14-2.WorkSpaceOne/woi-v1.1/node_modules/@babel/parser/lib/index.js:11482:27)
      at TypeScriptParserMixin.parseExprAtom (/Users/joseph/Dev_project/14-2.WorkSpaceOne/woi-v1.1/node_modules/@babel/parser/lib/index.js:4793:20)
      at TypeScriptParserMixin.parseExprSubscripts (/Users/joseph/Dev_project/14-2.WorkSpaceOne/woi-v1.1/node_modules/@babel/parser/lib/index.js:11145:23)
      at TypeScriptParserMixin.parseUpdate (/Users/joseph/Dev_project/14-2.WorkSpaceOne/woi-v1.1/node_modules/@babel/parser/lib/index.js:11130:21)
      at TypeScriptParserMixin.parseMaybeUnary (/Users/joseph/Dev_project/14-2.WorkSpaceOne/woi-v1.1/node_modules/@babel/parser/lib/index.js:11110:23)
      at TypeScriptParserMixin.parseMaybeUnary (/Users/joseph/Dev_project/14-2.WorkSpaceOne/woi-v1.1/node_modules/@babel/parser/lib/index.js:9890:18)
      at TypeScriptParserMixin.parseMaybeUnaryOrPrivate (/Users/joseph/Dev_project/14-2.WorkSpaceOne/woi-v1.1/node_modules/@babel/parser/lib/index.js:10963:61)
      at TypeScriptParserMixin.parseExprOps (/Users/joseph/Dev_project/14-2.WorkSpaceOne/woi-v1.1/node_modules/@babel/parser/lib/index.js:10968:23)
      at TypeScriptParserMixin.parseMaybeConditional (/Users/joseph/Dev_project/14-2.WorkSpaceOne/woi-v1.1/node_modules/@babel/parser/lib/index.js:10945:23)
      at TypeScriptParserMixin.parseMaybeAssign (/Users/joseph/Dev_project/14-2.WorkSpaceOne/woi-v1.1/node_modules/@babel/parser/lib/index.js:10895:21)
      at TypeScriptParserMixin.parseMaybeAssign (/Users/joseph/Dev_project/14-2.WorkSpaceOne/woi-v1.1/node_modules/@babel/parser/lib/index.js:9839:20)
      at TypeScriptParserMixin.parseExpressionBase (/Users/joseph/Dev_project/14-2.WorkSpaceOne/woi-v1.1/node_modules/@babel/parser/lib/index.js:10848:23)
      at /Users/joseph/Dev_project/14-2.WorkSpaceOne/woi-v1.1/node_modules/@babel/parser/lib/index.js:10844:39
      at TypeScriptParserMixin.allowInAnd (/Users/joseph/Dev_project/14-2.WorkSpaceOne/woi-v1.1/node_modules/@babel/parser/lib/index.js:12500:12)
      at TypeScriptParserMixin.parseExpression (/Users/joseph/Dev_project/14-2.WorkSpaceOne/woi-v1.1/node_modules/@babel/parser/lib/index.js:10844:17)
      at TypeScriptParserMixin.jsxParseExpressionContainer (/Users/joseph/Dev_project/14-2.WorkSpaceOne/woi-v1.1/node_modules/@babel/parser/lib/index.js:4661:31)
      at TypeScriptParserMixin.jsxParseElementAt (/Users/joseph/Dev_project/14-2.WorkSpaceOne/woi-v1.1/node_modules/@babel/parser/lib/index.js:4740:36)
      at TypeScriptParserMixin.jsxParseElementAt (/Users/joseph/Dev_project/14-2.WorkSpaceOne/woi-v1.1/node_modules/@babel/parser/lib/index.js:4727:32)
      at TypeScriptParserMixin.jsxParseElement (/Users/joseph/Dev_project/14-2.WorkSpaceOne/woi-v1.1/node_modules/@babel/parser/lib/index.js:4778:17)
      at TypeScriptParserMixin.parseExprAtom (/Users/joseph/Dev_project/14-2.WorkSpaceOne/woi-v1.1/node_modules/@babel/parser/lib/index.js:4788:19)
      at TypeScriptParserMixin.parseExprSubscripts (/Users/joseph/Dev_project/14-2.WorkSpaceOne/woi-v1.1/node_modules/@babel/parser/lib/index.js:11145:23)
      at TypeScriptParserMixin.parseUpdate (/Users/joseph/Dev_project/14-2.WorkSpaceOne/woi-v1.1/node_modules/@babel/parser/lib/index.js:11130:21)
      at TypeScriptParserMixin.parseMaybeUnary (/Users/joseph/Dev_project/14-2.WorkSpaceOne/woi-v1.1/node_modules/@babel/parser/lib/index.js:11110:23)
      at TypeScriptParserMixin.parseMaybeUnary (/Users/joseph/Dev_project/14-2.WorkSpaceOne/woi-v1.1/node_modules/@babel/parser/lib/index.js:9890:18)
      at TypeScriptParserMixin.parseMaybeUnaryOrPrivate (/Users/joseph/Dev_project/14-2.WorkSpaceOne/woi-v1.1/node_modules/@babel/parser/lib/index.js:10963:61)
      at TypeScriptParserMixin.parseExprOps (/Users/joseph/Dev_project/14-2.WorkSpaceOne/woi-v1.1/node_modules/@babel/parser/lib/index.js:10968:23)
      at TypeScriptParserMixin.parseMaybeConditional (/Users/joseph/Dev_project/14-2.WorkSpaceOne/woi-v1.1/node_modules/@babel/parser/lib/index.js:10945:23)
      at TypeScriptParserMixin.parseMaybeAssign (/Users/joseph/Dev_project/14-2.WorkSpaceOne/woi-v1.1/node_modules/@babel/parser/lib/index.js:10895:21)
      at /Users/joseph/Dev_project/14-2.WorkSpaceOne/woi-v1.1/node_modules/@babel/parser/lib/index.js:9828:39
      at TypeScriptParserMixin.tryParse (/Users/joseph/Dev_project/14-2.WorkSpaceOne/woi-v1.1/node_modules/@babel/parser/lib/index.js:6932:20)
      at TypeScriptParserMixin.parseMaybeAssign (/Users/joseph/Dev_project/14-2.WorkSpaceOne/woi-v1.1/node_modules/@babel/parser/lib/index.js:9828:18)
      at /Users/joseph/Dev_project/14-2.WorkSpaceOne/woi-v1.1/node_modules/@babel/parser/lib/index.js:10864:39
      at TypeScriptParserMixin.allowInAnd (/Users/joseph/Dev_project/14-2.WorkSpaceOne/woi-v1.1/node_modules/@babel/parser/lib/index.js:12500:12)
      at TypeScriptParserMixin.parseMaybeAssignAllowIn (/Users/joseph/Dev_project/14-2.WorkSpaceOne/woi-v1.1/node_modules/@babel/parser/lib/index.js:10864:17)
      at TypeScriptParserMixin.parseMaybeAssignAllowInOrVoidPattern (/Users/joseph/Dev_project/14-2.WorkSpaceOne/woi-v1.1/node_modules/@babel/parser/lib/index.js:12567:17)
      at TypeScriptParserMixin.parseParenAndDistinguishExpression (/Users/joseph/Dev_project/14-2.WorkSpaceOne/woi-v1.1/node_modules/@babel/parser/lib/index.js:11747:28)
      at TypeScriptParserMixin.parseExprAtom (/Users/joseph/Dev_project/14-2.WorkSpaceOne/woi-v1.1/node_modules/@babel/parser/lib/index.js:11395:23)
      at TypeScriptParserMixin.parseExprAtom (/Users/joseph/Dev_project/14-2.WorkSpaceOne/woi-v1.1/node_modules/@babel/parser/lib/index.js:4793:20)
      at TypeScriptParserMixin.parseExprSubscripts (/Users/joseph/Dev_project/14-2.WorkSpaceOne/woi-v1.1/node_modules/@babel/parser/lib/index.js:11145:23)
PM 6:26:33 [vite] hmr update /src/pages/FirewallPolicy.tsx, /src/index.css
PM 6:26:33 [vite] Internal server error: /Users/joseph/Dev_project/14-2.WorkSpaceOne/woi-v1.1/src/pages/FirewallPolicy.tsx: Invalid Unicode escape. (352:45)

  350 |                                     <td className="py-2.5 px-4 text-gray-600 dark:text-gray-400 flex justify-between items-center">
  351 |                                         <span>{approver.name}</span>
> 352 |                                         {idx \u003e 0 && (
      |                                              ^
  353 |                                         <button
  354 |                                             onClick={() => setApprovers(approvers.filter(a =\u003e a.id !== approver.id))}
  355 |                                         className="opacity-0 group-hover:opacity-100 text-red-400 hover:text-red-600 transition-opacity"
  Plugin: vite:react-babel
  File: /Users/joseph/Dev_project/14-2.WorkSpaceOne/woi-v1.1/src/pages/FirewallPolicy.tsx:352:45
  350|                                      <td className="py-2.5 px-4 text-gray-600 dark:text-gray-400 flex justify-between items-center">
  351|                                          <span>{approver.name}</span>
  352|                                          {idx \u003e 0 && (
     |                                               ^
  353|                                          <button
  354|                                              onClick={() => setApprovers(approvers.filter(a =\u003e a.id !== approver.id))}
      at constructor (/Users/joseph/Dev_project/14-2.WorkSpaceOne/woi-v1.1/node_modules/@babel/parser/lib/index.js:367:19)
      at TypeScriptParserMixin.raise (/Users/joseph/Dev_project/14-2.WorkSpaceOne/woi-v1.1/node_modules/@babel/parser/lib/index.js:6624:19)
      at TypeScriptParserMixin.readWord1 (/Users/joseph/Dev_project/14-2.WorkSpaceOne/woi-v1.1/node_modules/@babel/parser/lib/index.js:6592:18)
      at TypeScriptParserMixin.readWord (/Users/joseph/Dev_project/14-2.WorkSpaceOne/woi-v1.1/node_modules/@babel/parser/lib/index.js:6604:23)
      at TypeScriptParserMixin.getTokenFromCode (/Users/joseph/Dev_project/14-2.WorkSpaceOne/woi-v1.1/node_modules/@babel/parser/lib/index.js:6323:14)
      at TypeScriptParserMixin.getTokenFromCode (/Users/joseph/Dev_project/14-2.WorkSpaceOne/woi-v1.1/node_modules/@babel/parser/lib/index.js:4826:11)
      at TypeScriptParserMixin.getTokenFromCode (/Users/joseph/Dev_project/14-2.WorkSpaceOne/woi-v1.1/node_modules/@babel/parser/lib/index.js:10042:11)
      at TypeScriptParserMixin.nextToken (/Users/joseph/Dev_project/14-2.WorkSpaceOne/woi-v1.1/node_modules/@babel/parser/lib/index.js:5807:10)
      at TypeScriptParserMixin.next (/Users/joseph/Dev_project/14-2.WorkSpaceOne/woi-v1.1/node_modules/@babel/parser/lib/index.js:5717:10)
      at TypeScriptParserMixin.parseIdentifierName (/Users/joseph/Dev_project/14-2.WorkSpaceOne/woi-v1.1/node_modules/@babel/parser/lib/index.js:12287:10)
      at TypeScriptParserMixin.parseIdentifier (/Users/joseph/Dev_project/14-2.WorkSpaceOne/woi-v1.1/node_modules/@babel/parser/lib/index.js:12255:23)
      at TypeScriptParserMixin.parseExprAtom (/Users/joseph/Dev_project/14-2.WorkSpaceOne/woi-v1.1/node_modules/@babel/parser/lib/index.js:11482:27)
      at TypeScriptParserMixin.parseExprAtom (/Users/joseph/Dev_project/14-2.WorkSpaceOne/woi-v1.1/node_modules/@babel/parser/lib/index.js:4793:20)
      at TypeScriptParserMixin.parseExprSubscripts (/Users/joseph/Dev_project/14-2.WorkSpaceOne/woi-v1.1/node_modules/@babel/parser/lib/index.js:11145:23)
      at TypeScriptParserMixin.parseUpdate (/Users/joseph/Dev_project/14-2.WorkSpaceOne/woi-v1.1/node_modules/@babel/parser/lib/index.js:11130:21)
      at TypeScriptParserMixin.parseMaybeUnary (/Users/joseph/Dev_project/14-2.WorkSpaceOne/woi-v1.1/node_modules/@babel/parser/lib/index.js:11110:23)
      at TypeScriptParserMixin.parseMaybeUnary (/Users/joseph/Dev_project/14-2.WorkSpaceOne/woi-v1.1/node_modules/@babel/parser/lib/index.js:9890:18)
      at TypeScriptParserMixin.parseMaybeUnaryOrPrivate (/Users/joseph/Dev_project/14-2.WorkSpaceOne/woi-v1.1/node_modules/@babel/parser/lib/index.js:10963:61)
      at TypeScriptParserMixin.parseExprOps (/Users/joseph/Dev_project/14-2.WorkSpaceOne/woi-v1.1/node_modules/@babel/parser/lib/index.js:10968:23)
      at TypeScriptParserMixin.parseMaybeConditional (/Users/joseph/Dev_project/14-2.WorkSpaceOne/woi-v1.1/node_modules/@babel/parser/lib/index.js:10945:23)
      at TypeScriptParserMixin.parseMaybeAssign (/Users/joseph/Dev_project/14-2.WorkSpaceOne/woi-v1.1/node_modules/@babel/parser/lib/index.js:10895:21)
      at TypeScriptParserMixin.parseMaybeAssign (/Users/joseph/Dev_project/14-2.WorkSpaceOne/woi-v1.1/node_modules/@babel/parser/lib/index.js:9839:20)
      at TypeScriptParserMixin.parseExpressionBase (/Users/joseph/Dev_project/14-2.WorkSpaceOne/woi-v1.1/node_modules/@babel/parser/lib/index.js:10848:23)
      at /Users/joseph/Dev_project/14-2.WorkSpaceOne/woi-v1.1/node_modules/@babel/parser/lib/index.js:10844:39
      at TypeScriptParserMixin.allowInAnd (/Users/joseph/Dev_project/14-2.WorkSpaceOne/woi-v1.1/node_modules/@babel/parser/lib/index.js:12500:12)
      at TypeScriptParserMixin.parseExpression (/Users/joseph/Dev_project/14-2.WorkSpaceOne/woi-v1.1/node_modules/@babel/parser/lib/index.js:10844:17)
      at TypeScriptParserMixin.jsxParseExpressionContainer (/Users/joseph/Dev_project/14-2.WorkSpaceOne/woi-v1.1/node_modules/@babel/parser/lib/index.js:4661:31)
      at TypeScriptParserMixin.jsxParseElementAt (/Users/joseph/Dev_project/14-2.WorkSpaceOne/woi-v1.1/node_modules/@babel/parser/lib/index.js:4740:36)
      at TypeScriptParserMixin.jsxParseElementAt (/Users/joseph/Dev_project/14-2.WorkSpaceOne/woi-v1.1/node_modules/@babel/parser/lib/index.js:4727:32)
      at TypeScriptParserMixin.jsxParseElement (/Users/joseph/Dev_project/14-2.WorkSpaceOne/woi-v1.1/node_modules/@babel/parser/lib/index.js:4778:17)
      at TypeScriptParserMixin.parseExprAtom (/Users/joseph/Dev_project/14-2.WorkSpaceOne/woi-v1.1/node_modules/@babel/parser/lib/index.js:4788:19)
      at TypeScriptParserMixin.parseExprSubscripts (/Users/joseph/Dev_project/14-2.WorkSpaceOne/woi-v1.1/node_modules/@babel/parser/lib/index.js:11145:23)
      at TypeScriptParserMixin.parseUpdate (/Users/joseph/Dev_project/14-2.WorkSpaceOne/woi-v1.1/node_modules/@babel/parser/lib/index.js:11130:21)
      at TypeScriptParserMixin.parseMaybeUnary (/Users/joseph/Dev_project/14-2.WorkSpaceOne/woi-v1.1/node_modules/@babel/parser/lib/index.js:11110:23)
      at TypeScriptParserMixin.parseMaybeUnary (/Users/joseph/Dev_project/14-2.WorkSpaceOne/woi-v1.1/node_modules/@babel/parser/lib/index.js:9890:18)
      at TypeScriptParserMixin.parseMaybeUnaryOrPrivate (/Users/joseph/Dev_project/14-2.WorkSpaceOne/woi-v1.1/node_modules/@babel/parser/lib/index.js:10963:61)
      at TypeScriptParserMixin.parseExprOps (/Users/joseph/Dev_project/14-2.WorkSpaceOne/woi-v1.1/node_modules/@babel/parser/lib/index.js:10968:23)
      at TypeScriptParserMixin.parseMaybeConditional (/Users/joseph/Dev_project/14-2.WorkSpaceOne/woi-v1.1/node_modules/@babel/parser/lib/index.js:10945:23)
      at TypeScriptParserMixin.parseMaybeAssign (/Users/joseph/Dev_project/14-2.WorkSpaceOne/woi-v1.1/node_modules/@babel/parser/lib/index.js:10895:21)
      at /Users/joseph/Dev_project/14-2.WorkSpaceOne/woi-v1.1/node_modules/@babel/parser/lib/index.js:9828:39
      at TypeScriptParserMixin.tryParse (/Users/joseph/Dev_project/14-2.WorkSpaceOne/woi-v1.1/node_modules/@babel/parser/lib/index.js:6932:20)
      at TypeScriptParserMixin.parseMaybeAssign (/Users/joseph/Dev_project/14-2.WorkSpaceOne/woi-v1.1/node_modules/@babel/parser/lib/index.js:9828:18)
      at /Users/joseph/Dev_project/14-2.WorkSpaceOne/woi-v1.1/node_modules/@babel/parser/lib/index.js:10864:39
      at TypeScriptParserMixin.allowInAnd (/Users/joseph/Dev_project/14-2.WorkSpaceOne/woi-v1.1/node_modules/@babel/parser/lib/index.js:12500:12)
      at TypeScriptParserMixin.parseMaybeAssignAllowIn (/Users/joseph/Dev_project/14-2.WorkSpaceOne/woi-v1.1/node_modules/@babel/parser/lib/index.js:10864:17)
      at TypeScriptParserMixin.parseMaybeAssignAllowInOrVoidPattern (/Users/joseph/Dev_project/14-2.WorkSpaceOne/woi-v1.1/node_modules/@babel/parser/lib/index.js:12567:17)
      at TypeScriptParserMixin.parseParenAndDistinguishExpression (/Users/joseph/Dev_project/14-2.WorkSpaceOne/woi-v1.1/node_modules/@babel/parser/lib/index.js:11747:28)
      at TypeScriptParserMixin.parseExprAtom (/Users/joseph/Dev_project/14-2.WorkSpaceOne/woi-v1.1/node_modules/@babel/parser/lib/index.js:11395:23)
      at TypeScriptParserMixin.parseExprAtom (/Users/joseph/Dev_project/14-2.WorkSpaceOne/woi-v1.1/node_modules/@babel/parser/lib/index.js:4793:20)
      at TypeScriptParserMixin.parseExprSubscripts (/Users/joseph/Dev_project/14-2.WorkSpaceOne/woi-v1.1/node_modules/@babel/parser/lib/index.js:11145:23)
PM 6:26:33 [vite] Pre-transform error: /Users/joseph/Dev_project/14-2.WorkSpaceOne/woi-v1.1/src/pages/FirewallPolicy.tsx: Invalid Unicode escape. (352:45)

  350 |                                     <td className="py-2.5 px-4 text-gray-600 dark:text-gray-400 flex justify-between items-center">
  351 |                                         <span>{approver.name}</span>
> 352 |                                         {idx \u003e 0 && (
      |                                              ^
  353 |                                         <button
  354 |                                             onClick={() => setApprovers(approvers.filter(a =\u003e a.id !== approver.id))}
  355 |                                         className="opacity-0 group-hover:opacity-100 text-red-400 hover:text-red-600 transition-opacity"
PM 6:26:33 [vite] Internal server error: /Users/joseph/Dev_project/14-2.WorkSpaceOne/woi-v1.1/src/pages/FirewallPolicy.tsx: Invalid Unicode escape. (352:45)

  350 |                                     <td className="py-2.5 px-4 text-gray-600 dark:text-gray-400 flex justify-between items-center">
  351 |                                         <span>{approver.name}</span>
> 352 |                                         {idx \u003e 0 && (
      |                                              ^
  353 |                                         <button
  354 |                                             onClick={() => setApprovers(approvers.filter(a =\u003e a.id !== approver.id))}
  355 |                                         className="opacity-0 group-hover:opacity-100 text-red-400 hover:text-red-600 transition-opacity"
  Plugin: vite:react-babel
  File: /Users/joseph/Dev_project/14-2.WorkSpaceOne/woi-v1.1/src/pages/FirewallPolicy.tsx:352:45
  350|                                      <td className="py-2.5 px-4 text-gray-600 dark:text-gray-400 flex justify-between items-center">
  351|                                          <span>{approver.name}</span>
  352|                                          {idx \u003e 0 && (
     |                                               ^
  353|                                          <button
  354|                                              onClick={() => setApprovers(approvers.filter(a =\u003e a.id !== approver.id))}
      at constructor (/Users/joseph/Dev_project/14-2.WorkSpaceOne/woi-v1.1/node_modules/@babel/parser/lib/index.js:367:19)
      at TypeScriptParserMixin.raise (/Users/joseph/Dev_project/14-2.WorkSpaceOne/woi-v1.1/node_modules/@babel/parser/lib/index.js:6624:19)
      at TypeScriptParserMixin.readWord1 (/Users/joseph/Dev_project/14-2.WorkSpaceOne/woi-v1.1/node_modules/@babel/parser/lib/index.js:6592:18)
      at TypeScriptParserMixin.readWord (/Users/joseph/Dev_project/14-2.WorkSpaceOne/woi-v1.1/node_modules/@babel/parser/lib/index.js:6604:23)
      at TypeScriptParserMixin.getTokenFromCode (/Users/joseph/Dev_project/14-2.WorkSpaceOne/woi-v1.1/node_modules/@babel/parser/lib/index.js:6323:14)
      at TypeScriptParserMixin.getTokenFromCode (/Users/joseph/Dev_project/14-2.WorkSpaceOne/woi-v1.1/node_modules/@babel/parser/lib/index.js:4826:11)
      at TypeScriptParserMixin.getTokenFromCode (/Users/joseph/Dev_project/14-2.WorkSpaceOne/woi-v1.1/node_modules/@babel/parser/lib/index.js:10042:11)
      at TypeScriptParserMixin.nextToken (/Users/joseph/Dev_project/14-2.WorkSpaceOne/woi-v1.1/node_modules/@babel/parser/lib/index.js:5807:10)
      at TypeScriptParserMixin.next (/Users/joseph/Dev_project/14-2.WorkSpaceOne/woi-v1.1/node_modules/@babel/parser/lib/index.js:5717:10)
      at TypeScriptParserMixin.parseIdentifierName (/Users/joseph/Dev_project/14-2.WorkSpaceOne/woi-v1.1/node_modules/@babel/parser/lib/index.js:12287:10)
      at TypeScriptParserMixin.parseIdentifier (/Users/joseph/Dev_project/14-2.WorkSpaceOne/woi-v1.1/node_modules/@babel/parser/lib/index.js:12255:23)
      at TypeScriptParserMixin.parseExprAtom (/Users/joseph/Dev_project/14-2.WorkSpaceOne/woi-v1.1/node_modules/@babel/parser/lib/index.js:11482:27)
      at TypeScriptParserMixin.parseExprAtom (/Users/joseph/Dev_project/14-2.WorkSpaceOne/woi-v1.1/node_modules/@babel/parser/lib/index.js:4793:20)
      at TypeScriptParserMixin.parseExprSubscripts (/Users/joseph/Dev_project/14-2.WorkSpaceOne/woi-v1.1/node_modules/@babel/parser/lib/index.js:11145:23)
      at TypeScriptParserMixin.parseUpdate (/Users/joseph/Dev_project/14-2.WorkSpaceOne/woi-v1.1/node_modules/@babel/parser/lib/index.js:11130:21)
      at TypeScriptParserMixin.parseMaybeUnary (/Users/joseph/Dev_project/14-2.WorkSpaceOne/woi-v1.1/node_modules/@babel/parser/lib/index.js:11110:23)
      at TypeScriptParserMixin.parseMaybeUnary (/Users/joseph/Dev_project/14-2.WorkSpaceOne/woi-v1.1/node_modules/@babel/parser/lib/index.js:9890:18)
      at TypeScriptParserMixin.parseMaybeUnaryOrPrivate (/Users/joseph/Dev_project/14-2.WorkSpaceOne/woi-v1.1/node_modules/@babel/parser/lib/index.js:10963:61)
      at TypeScriptParserMixin.parseExprOps (/Users/joseph/Dev_project/14-2.WorkSpaceOne/woi-v1.1/node_modules/@babel/parser/lib/index.js:10968:23)
      at TypeScriptParserMixin.parseMaybeConditional (/Users/joseph/Dev_project/14-2.WorkSpaceOne/woi-v1.1/node_modules/@babel/parser/lib/index.js:10945:23)
      at TypeScriptParserMixin.parseMaybeAssign (/Users/joseph/Dev_project/14-2.WorkSpaceOne/woi-v1.1/node_modules/@babel/parser/lib/index.js:10895:21)
      at TypeScriptParserMixin.parseMaybeAssign (/Users/joseph/Dev_project/14-2.WorkSpaceOne/woi-v1.1/node_modules/@babel/parser/lib/index.js:9839:20)
      at TypeScriptParserMixin.parseExpressionBase (/Users/joseph/Dev_project/14-2.WorkSpaceOne/woi-v1.1/node_modules/@babel/parser/lib/index.js:10848:23)
      at /Users/joseph/Dev_project/14-2.WorkSpaceOne/woi-v1.1/node_modules/@babel/parser/lib/index.js:10844:39
      at TypeScriptParserMixin.allowInAnd (/Users/joseph/Dev_project/14-2.WorkSpaceOne/woi-v1.1/node_modules/@babel/parser/lib/index.js:12500:12)
      at TypeScriptParserMixin.parseExpression (/Users/joseph/Dev_project/14-2.WorkSpaceOne/woi-v1.1/node_modules/@babel/parser/lib/index.js:10844:17)
      at TypeScriptParserMixin.jsxParseExpressionContainer (/Users/joseph/Dev_project/14-2.WorkSpaceOne/woi-v1.1/node_modules/@babel/parser/lib/index.js:4661:31)
      at TypeScriptParserMixin.jsxParseElementAt (/Users/joseph/Dev_project/14-2.WorkSpaceOne/woi-v1.1/node_modules/@babel/parser/lib/index.js:4740:36)
      at TypeScriptParserMixin.jsxParseElementAt (/Users/joseph/Dev_project/14-2.WorkSpaceOne/woi-v1.1/node_modules/@babel/parser/lib/index.js:4727:32)
      at TypeScriptParserMixin.jsxParseElement (/Users/joseph/Dev_project/14-2.WorkSpaceOne/woi-v1.1/node_modules/@babel/parser/lib/index.js:4778:17)
      at TypeScriptParserMixin.parseExprAtom (/Users/joseph/Dev_project/14-2.WorkSpaceOne/woi-v1.1/node_modules/@babel/parser/lib/index.js:4788:19)
      at TypeScriptParserMixin.parseExprSubscripts (/Users/joseph/Dev_project/14-2.WorkSpaceOne/woi-v1.1/node_modules/@babel/parser/lib/index.js:11145:23)
      at TypeScriptParserMixin.parseUpdate (/Users/joseph/Dev_project/14-2.WorkSpaceOne/woi-v1.1/node_modules/@babel/parser/lib/index.js:11130:21)
      at TypeScriptParserMixin.parseMaybeUnary (/Users/joseph/Dev_project/14-2.WorkSpaceOne/woi-v1.1/node_modules/@babel/parser/lib/index.js:11110:23)
      at TypeScriptParserMixin.parseMaybeUnary (/Users/joseph/Dev_project/14-2.WorkSpaceOne/woi-v1.1/node_modules/@babel/parser/lib/index.js:9890:18)
      at TypeScriptParserMixin.parseMaybeUnaryOrPrivate (/Users/joseph/Dev_project/14-2.WorkSpaceOne/woi-v1.1/node_modules/@babel/parser/lib/index.js:10963:61)
      at TypeScriptParserMixin.parseExprOps (/Users/joseph/Dev_project/14-2.WorkSpaceOne/woi-v1.1/node_modules/@babel/parser/lib/index.js:10968:23)
      at TypeScriptParserMixin.parseMaybeConditional (/Users/joseph/Dev_project/14-2.WorkSpaceOne/woi-v1.1/node_modules/@babel/parser/lib/index.js:10945:23)
      at TypeScriptParserMixin.parseMaybeAssign (/Users/joseph/Dev_project/14-2.WorkSpaceOne/woi-v1.1/node_modules/@babel/parser/lib/index.js:10895:21)
      at /Users/joseph/Dev_project/14-2.WorkSpaceOne/woi-v1.1/node_modules/@babel/parser/lib/index.js:9828:39
      at TypeScriptParserMixin.tryParse (/Users/joseph/Dev_project/14-2.WorkSpaceOne/woi-v1.1/node_modules/@babel/parser/lib/index.js:6932:20)
      at TypeScriptParserMixin.parseMaybeAssign (/Users/joseph/Dev_project/14-2.WorkSpaceOne/woi-v1.1/node_modules/@babel/parser/lib/index.js:9828:18)
      at /Users/joseph/Dev_project/14-2.WorkSpaceOne/woi-v1.1/node_modules/@babel/parser/lib/index.js:10864:39
      at TypeScriptParserMixin.allowInAnd (/Users/joseph/Dev_project/14-2.WorkSpaceOne/woi-v1.1/node_modules/@babel/parser/lib/index.js:12500:12)
      at TypeScriptParserMixin.parseMaybeAssignAllowIn (/Users/joseph/Dev_project/14-2.WorkSpaceOne/woi-v1.1/node_modules/@babel/parser/lib/index.js:10864:17)
      at TypeScriptParserMixin.parseMaybeAssignAllowInOrVoidPattern (/Users/joseph/Dev_project/14-2.WorkSpaceOne/woi-v1.1/node_modules/@babel/parser/lib/index.js:12567:17)
      at TypeScriptParserMixin.parseParenAndDistinguishExpression (/Users/joseph/Dev_project/14-2.WorkSpaceOne/woi-v1.1/node_modules/@babel/parser/lib/index.js:11747:28)
      at TypeScriptParserMixin.parseExprAtom (/Users/joseph/Dev_project/14-2.WorkSpaceOne/woi-v1.1/node_modules/@babel/parser/lib/index.js:11395:23)
      at TypeScriptParserMixin.parseExprAtom (/Users/joseph/Dev_project/14-2.WorkSpaceOne/woi-v1.1/node_modules/@babel/parser/lib/index.js:4793:20)
      at TypeScriptParserMixin.parseExprSubscripts (/Users/joseph/Dev_project/14-2.WorkSpaceOne/woi-v1.1/node_modules/@babel/parser/lib/index.js:11145:23)
PM 6:26:44 [vite] hmr update /src/pages/FirewallPolicy.tsx, /src/index.css
PM 6:26:45 [vite] Internal server error: /Users/joseph/Dev_project/14-2.WorkSpaceOne/woi-v1.1/src/pages/FirewallPolicy.tsx: Invalid Unicode escape. (352:45)

  350 |                                     <td className="py-2.5 px-4 text-gray-600 dark:text-gray-400 flex justify-between items-center">
  351 |                                         <span>{approver.name}</span>
> 352 |                                         {idx \u003e 0 && (
      |                                              ^
  353 |                                         <button
  354 |                                             onClick={() => setApprovers(approvers.filter(a =\u003e a.id !== approver.id))}
  355 |                                         className="opacity-0 group-hover:opacity-100 text-red-400 hover:text-red-600 transition-opacity"
  Plugin: vite:react-babel
  File: /Users/joseph/Dev_project/14-2.WorkSpaceOne/woi-v1.1/src/pages/FirewallPolicy.tsx:352:45
  350|                                      <td className="py-2.5 px-4 text-gray-600 dark:text-gray-400 flex justify-between items-center">
  351|                                          <span>{approver.name}</span>
  352|                                          {idx \u003e 0 && (
     |                                               ^
  353|                                          <button
  354|                                              onClick={() => setApprovers(approvers.filter(a =\u003e a.id !== approver.id))}
      at constructor (/Users/joseph/Dev_project/14-2.WorkSpaceOne/woi-v1.1/node_modules/@babel/parser/lib/index.js:367:19)
      at TypeScriptParserMixin.raise (/Users/joseph/Dev_project/14-2.WorkSpaceOne/woi-v1.1/node_modules/@babel/parser/lib/index.js:6624:19)
      at TypeScriptParserMixin.readWord1 (/Users/joseph/Dev_project/14-2.WorkSpaceOne/woi-v1.1/node_modules/@babel/parser/lib/index.js:6592:18)
      at TypeScriptParserMixin.readWord (/Users/joseph/Dev_project/14-2.WorkSpaceOne/woi-v1.1/node_modules/@babel/parser/lib/index.js:6604:23)
      at TypeScriptParserMixin.getTokenFromCode (/Users/joseph/Dev_project/14-2.WorkSpaceOne/woi-v1.1/node_modules/@babel/parser/lib/index.js:6323:14)
      at TypeScriptParserMixin.getTokenFromCode (/Users/joseph/Dev_project/14-2.WorkSpaceOne/woi-v1.1/node_modules/@babel/parser/lib/index.js:4826:11)
      at TypeScriptParserMixin.getTokenFromCode (/Users/joseph/Dev_project/14-2.WorkSpaceOne/woi-v1.1/node_modules/@babel/parser/lib/index.js:10042:11)
      at TypeScriptParserMixin.nextToken (/Users/joseph/Dev_project/14-2.WorkSpaceOne/woi-v1.1/node_modules/@babel/parser/lib/index.js:5807:10)
      at TypeScriptParserMixin.next (/Users/joseph/Dev_project/14-2.WorkSpaceOne/woi-v1.1/node_modules/@babel/parser/lib/index.js:5717:10)
      at TypeScriptParserMixin.parseIdentifierName (/Users/joseph/Dev_project/14-2.WorkSpaceOne/woi-v1.1/node_modules/@babel/parser/lib/index.js:12287:10)
      at TypeScriptParserMixin.parseIdentifier (/Users/joseph/Dev_project/14-2.WorkSpaceOne/woi-v1.1/node_modules/@babel/parser/lib/index.js:12255:23)
      at TypeScriptParserMixin.parseExprAtom (/Users/joseph/Dev_project/14-2.WorkSpaceOne/woi-v1.1/node_modules/@babel/parser/lib/index.js:11482:27)
      at TypeScriptParserMixin.parseExprAtom (/Users/joseph/Dev_project/14-2.WorkSpaceOne/woi-v1.1/node_modules/@babel/parser/lib/index.js:4793:20)
      at TypeScriptParserMixin.parseExprSubscripts (/Users/joseph/Dev_project/14-2.WorkSpaceOne/woi-v1.1/node_modules/@babel/parser/lib/index.js:11145:23)
      at TypeScriptParserMixin.parseUpdate (/Users/joseph/Dev_project/14-2.WorkSpaceOne/woi-v1.1/node_modules/@babel/parser/lib/index.js:11130:21)
      at TypeScriptParserMixin.parseMaybeUnary (/Users/joseph/Dev_project/14-2.WorkSpaceOne/woi-v1.1/node_modules/@babel/parser/lib/index.js:11110:23)
      at TypeScriptParserMixin.parseMaybeUnary (/Users/joseph/Dev_project/14-2.WorkSpaceOne/woi-v1.1/node_modules/@babel/parser/lib/index.js:9890:18)
      at TypeScriptParserMixin.parseMaybeUnaryOrPrivate (/Users/joseph/Dev_project/14-2.WorkSpaceOne/woi-v1.1/node_modules/@babel/parser/lib/index.js:10963:61)
      at TypeScriptParserMixin.parseExprOps (/Users/joseph/Dev_project/14-2.WorkSpaceOne/woi-v1.1/node_modules/@babel/parser/lib/index.js:10968:23)
      at TypeScriptParserMixin.parseMaybeConditional (/Users/joseph/Dev_project/14-2.WorkSpaceOne/woi-v1.1/node_modules/@babel/parser/lib/index.js:10945:23)
      at TypeScriptParserMixin.parseMaybeAssign (/Users/joseph/Dev_project/14-2.WorkSpaceOne/woi-v1.1/node_modules/@babel/parser/lib/index.js:10895:21)
      at TypeScriptParserMixin.parseMaybeAssign (/Users/joseph/Dev_project/14-2.WorkSpaceOne/woi-v1.1/node_modules/@babel/parser/lib/index.js:9839:20)
      at TypeScriptParserMixin.parseExpressionBase (/Users/joseph/Dev_project/14-2.WorkSpaceOne/woi-v1.1/node_modules/@babel/parser/lib/index.js:10848:23)
      at /Users/joseph/Dev_project/14-2.WorkSpaceOne/woi-v1.1/node_modules/@babel/parser/lib/index.js:10844:39
      at TypeScriptParserMixin.allowInAnd (/Users/joseph/Dev_project/14-2.WorkSpaceOne/woi-v1.1/node_modules/@babel/parser/lib/index.js:12500:12)
      at TypeScriptParserMixin.parseExpression (/Users/joseph/Dev_project/14-2.WorkSpaceOne/woi-v1.1/node_modules/@babel/parser/lib/index.js:10844:17)
      at TypeScriptParserMixin.jsxParseExpressionContainer (/Users/joseph/Dev_project/14-2.WorkSpaceOne/woi-v1.1/node_modules/@babel/parser/lib/index.js:4661:31)
      at TypeScriptParserMixin.jsxParseElementAt (/Users/joseph/Dev_project/14-2.WorkSpaceOne/woi-v1.1/node_modules/@babel/parser/lib/index.js:4740:36)
      at TypeScriptParserMixin.jsxParseElementAt (/Users/joseph/Dev_project/14-2.WorkSpaceOne/woi-v1.1/node_modules/@babel/parser/lib/index.js:4727:32)
      at TypeScriptParserMixin.jsxParseElement (/Users/joseph/Dev_project/14-2.WorkSpaceOne/woi-v1.1/node_modules/@babel/parser/lib/index.js:4778:17)
      at TypeScriptParserMixin.parseExprAtom (/Users/joseph/Dev_project/14-2.WorkSpaceOne/woi-v1.1/node_modules/@babel/parser/lib/index.js:4788:19)
      at TypeScriptParserMixin.parseExprSubscripts (/Users/joseph/Dev_project/14-2.WorkSpaceOne/woi-v1.1/node_modules/@babel/parser/lib/index.js:11145:23)
      at TypeScriptParserMixin.parseUpdate (/Users/joseph/Dev_project/14-2.WorkSpaceOne/woi-v1.1/node_modules/@babel/parser/lib/index.js:11130:21)
      at TypeScriptParserMixin.parseMaybeUnary (/Users/joseph/Dev_project/14-2.WorkSpaceOne/woi-v1.1/node_modules/@babel/parser/lib/index.js:11110:23)
      at TypeScriptParserMixin.parseMaybeUnary (/Users/joseph/Dev_project/14-2.WorkSpaceOne/woi-v1.1/node_modules/@babel/parser/lib/index.js:9890:18)
      at TypeScriptParserMixin.parseMaybeUnaryOrPrivate (/Users/joseph/Dev_project/14-2.WorkSpaceOne/woi-v1.1/node_modules/@babel/parser/lib/index.js:10963:61)
      at TypeScriptParserMixin.parseExprOps (/Users/joseph/Dev_project/14-2.WorkSpaceOne/woi-v1.1/node_modules/@babel/parser/lib/index.js:10968:23)
      at TypeScriptParserMixin.parseMaybeConditional (/Users/joseph/Dev_project/14-2.WorkSpaceOne/woi-v1.1/node_modules/@babel/parser/lib/index.js:10945:23)
      at TypeScriptParserMixin.parseMaybeAssign (/Users/joseph/Dev_project/14-2.WorkSpaceOne/woi-v1.1/node_modules/@babel/parser/lib/index.js:10895:21)
      at /Users/joseph/Dev_project/14-2.WorkSpaceOne/woi-v1.1/node_modules/@babel/parser/lib/index.js:9828:39
      at TypeScriptParserMixin.tryParse (/Users/joseph/Dev_project/14-2.WorkSpaceOne/woi-v1.1/node_modules/@babel/parser/lib/index.js:6932:20)
      at TypeScriptParserMixin.parseMaybeAssign (/Users/joseph/Dev_project/14-2.WorkSpaceOne/woi-v1.1/node_modules/@babel/parser/lib/index.js:9828:18)
      at /Users/joseph/Dev_project/14-2.WorkSpaceOne/woi-v1.1/node_modules/@babel/parser/lib/index.js:10864:39
      at TypeScriptParserMixin.allowInAnd (/Users/joseph/Dev_project/14-2.WorkSpaceOne/woi-v1.1/node_modules/@babel/parser/lib/index.js:12500:12)
      at TypeScriptParserMixin.parseMaybeAssignAllowIn (/Users/joseph/Dev_project/14-2.WorkSpaceOne/woi-v1.1/node_modules/@babel/parser/lib/index.js:10864:17)
      at TypeScriptParserMixin.parseMaybeAssignAllowInOrVoidPattern (/Users/joseph/Dev_project/14-2.WorkSpaceOne/woi-v1.1/node_modules/@babel/parser/lib/index.js:12567:17)
      at TypeScriptParserMixin.parseParenAndDistinguishExpression (/Users/joseph/Dev_project/14-2.WorkSpaceOne/woi-v1.1/node_modules/@babel/parser/lib/index.js:11747:28)
      at TypeScriptParserMixin.parseExprAtom (/Users/joseph/Dev_project/14-2.WorkSpaceOne/woi-v1.1/node_modules/@babel/parser/lib/index.js:11395:23)
      at TypeScriptParserMixin.parseExprAtom (/Users/joseph/Dev_project/14-2.WorkSpaceOne/woi-v1.1/node_modules/@babel/parser/lib/index.js:4793:20)
      at TypeScriptParserMixin.parseExprSubscripts (/Users/joseph/Dev_project/14-2.WorkSpaceOne/woi-v1.1/node_modules/@babel/parser/lib/index.js:11145:23)
PM 6:26:45 [vite] Pre-transform error: /Users/joseph/Dev_project/14-2.WorkSpaceOne/woi-v1.1/src/pages/FirewallPolicy.tsx: Invalid Unicode escape. (352:45)

  350 |                                     <td className="py-2.5 px-4 text-gray-600 dark:text-gray-400 flex justify-between items-center">
  351 |                                         <span>{approver.name}</span>
> 352 |                                         {idx \u003e 0 && (
      |                                              ^
  353 |                                         <button
  354 |                                             onClick={() => setApprovers(approvers.filter(a =\u003e a.id !== approver.id))}
  355 |                                         className="opacity-0 group-hover:opacity-100 text-red-400 hover:text-red-600 transition-opacity"
PM 6:26:45 [vite] Internal server error: /Users/joseph/Dev_project/14-2.WorkSpaceOne/woi-v1.1/src/pages/FirewallPolicy.tsx: Invalid Unicode escape. (352:45)

  350 |                                     <td className="py-2.5 px-4 text-gray-600 dark:text-gray-400 flex justify-between items-center">
  351 |                                         <span>{approver.name}</span>
> 352 |                                         {idx \u003e 0 && (
      |                                              ^
  353 |                                         <button
  354 |                                             onClick={() => setApprovers(approvers.filter(a =\u003e a.id !== approver.id))}
  355 |                                         className="opacity-0 group-hover:opacity-100 text-red-400 hover:text-red-600 transition-opacity"
  Plugin: vite:react-babel
  File: /Users/joseph/Dev_project/14-2.WorkSpaceOne/woi-v1.1/src/pages/FirewallPolicy.tsx:352:45
  350|                                      <td className="py-2.5 px-4 text-gray-600 dark:text-gray-400 flex justify-between items-center">
  351|                                          <span>{approver.name}</span>
  352|                                          {idx \u003e 0 && (
     |                                               ^
  353|                                          <button
  354|                                              onClick={() => setApprovers(approvers.filter(a =\u003e a.id !== approver.id))}
      at constructor (/Users/joseph/Dev_project/14-2.WorkSpaceOne/woi-v1.1/node_modules/@babel/parser/lib/index.js:367:19)
      at TypeScriptParserMixin.raise (/Users/joseph/Dev_project/14-2.WorkSpaceOne/woi-v1.1/node_modules/@babel/parser/lib/index.js:6624:19)
      at TypeScriptParserMixin.readWord1 (/Users/joseph/Dev_project/14-2.WorkSpaceOne/woi-v1.1/node_modules/@babel/parser/lib/index.js:6592:18)
      at TypeScriptParserMixin.readWord (/Users/joseph/Dev_project/14-2.WorkSpaceOne/woi-v1.1/node_modules/@babel/parser/lib/index.js:6604:23)
      at TypeScriptParserMixin.getTokenFromCode (/Users/joseph/Dev_project/14-2.WorkSpaceOne/woi-v1.1/node_modules/@babel/parser/lib/index.js:6323:14)
      at TypeScriptParserMixin.getTokenFromCode (/Users/joseph/Dev_project/14-2.WorkSpaceOne/woi-v1.1/node_modules/@babel/parser/lib/index.js:4826:11)
      at TypeScriptParserMixin.getTokenFromCode (/Users/joseph/Dev_project/14-2.WorkSpaceOne/woi-v1.1/node_modules/@babel/parser/lib/index.js:10042:11)
      at TypeScriptParserMixin.nextToken (/Users/joseph/Dev_project/14-2.WorkSpaceOne/woi-v1.1/node_modules/@babel/parser/lib/index.js:5807:10)
      at TypeScriptParserMixin.next (/Users/joseph/Dev_project/14-2.WorkSpaceOne/woi-v1.1/node_modules/@babel/parser/lib/index.js:5717:10)
      at TypeScriptParserMixin.parseIdentifierName (/Users/joseph/Dev_project/14-2.WorkSpaceOne/woi-v1.1/node_modules/@babel/parser/lib/index.js:12287:10)
      at TypeScriptParserMixin.parseIdentifier (/Users/joseph/Dev_project/14-2.WorkSpaceOne/woi-v1.1/node_modules/@babel/parser/lib/index.js:12255:23)
      at TypeScriptParserMixin.parseExprAtom (/Users/joseph/Dev_project/14-2.WorkSpaceOne/woi-v1.1/node_modules/@babel/parser/lib/index.js:11482:27)
      at TypeScriptParserMixin.parseExprAtom (/Users/joseph/Dev_project/14-2.WorkSpaceOne/woi-v1.1/node_modules/@babel/parser/lib/index.js:4793:20)
      at TypeScriptParserMixin.parseExprSubscripts (/Users/joseph/Dev_project/14-2.WorkSpaceOne/woi-v1.1/node_modules/@babel/parser/lib/index.js:11145:23)
      at TypeScriptParserMixin.parseUpdate (/Users/joseph/Dev_project/14-2.WorkSpaceOne/woi-v1.1/node_modules/@babel/parser/lib/index.js:11130:21)
      at TypeScriptParserMixin.parseMaybeUnary (/Users/joseph/Dev_project/14-2.WorkSpaceOne/woi-v1.1/node_modules/@babel/parser/lib/index.js:11110:23)
      at TypeScriptParserMixin.parseMaybeUnary (/Users/joseph/Dev_project/14-2.WorkSpaceOne/woi-v1.1/node_modules/@babel/parser/lib/index.js:9890:18)
      at TypeScriptParserMixin.parseMaybeUnaryOrPrivate (/Users/joseph/Dev_project/14-2.WorkSpaceOne/woi-v1.1/node_modules/@babel/parser/lib/index.js:10963:61)
      at TypeScriptParserMixin.parseExprOps (/Users/joseph/Dev_project/14-2.WorkSpaceOne/woi-v1.1/node_modules/@babel/parser/lib/index.js:10968:23)
      at TypeScriptParserMixin.parseMaybeConditional (/Users/joseph/Dev_project/14-2.WorkSpaceOne/woi-v1.1/node_modules/@babel/parser/lib/index.js:10945:23)
      at TypeScriptParserMixin.parseMaybeAssign (/Users/joseph/Dev_project/14-2.WorkSpaceOne/woi-v1.1/node_modules/@babel/parser/lib/index.js:10895:21)
      at TypeScriptParserMixin.parseMaybeAssign (/Users/joseph/Dev_project/14-2.WorkSpaceOne/woi-v1.1/node_modules/@babel/parser/lib/index.js:9839:20)
      at TypeScriptParserMixin.parseExpressionBase (/Users/joseph/Dev_project/14-2.WorkSpaceOne/woi-v1.1/node_modules/@babel/parser/lib/index.js:10848:23)
      at /Users/joseph/Dev_project/14-2.WorkSpaceOne/woi-v1.1/node_modules/@babel/parser/lib/index.js:10844:39
      at TypeScriptParserMixin.allowInAnd (/Users/joseph/Dev_project/14-2.WorkSpaceOne/woi-v1.1/node_modules/@babel/parser/lib/index.js:12500:12)
      at TypeScriptParserMixin.parseExpression (/Users/joseph/Dev_project/14-2.WorkSpaceOne/woi-v1.1/node_modules/@babel/parser/lib/index.js:10844:17)
      at TypeScriptParserMixin.jsxParseExpressionContainer (/Users/joseph/Dev_project/14-2.WorkSpaceOne/woi-v1.1/node_modules/@babel/parser/lib/index.js:4661:31)
      at TypeScriptParserMixin.jsxParseElementAt (/Users/joseph/Dev_project/14-2.WorkSpaceOne/woi-v1.1/node_modules/@babel/parser/lib/index.js:4740:36)
      at TypeScriptParserMixin.jsxParseElementAt (/Users/joseph/Dev_project/14-2.WorkSpaceOne/woi-v1.1/node_modules/@babel/parser/lib/index.js:4727:32)
      at TypeScriptParserMixin.jsxParseElement (/Users/joseph/Dev_project/14-2.WorkSpaceOne/woi-v1.1/node_modules/@babel/parser/lib/index.js:4778:17)
      at TypeScriptParserMixin.parseExprAtom (/Users/joseph/Dev_project/14-2.WorkSpaceOne/woi-v1.1/node_modules/@babel/parser/lib/index.js:4788:19)
      at TypeScriptParserMixin.parseExprSubscripts (/Users/joseph/Dev_project/14-2.WorkSpaceOne/woi-v1.1/node_modules/@babel/parser/lib/index.js:11145:23)
      at TypeScriptParserMixin.parseUpdate (/Users/joseph/Dev_project/14-2.WorkSpaceOne/woi-v1.1/node_modules/@babel/parser/lib/index.js:11130:21)
      at TypeScriptParserMixin.parseMaybeUnary (/Users/joseph/Dev_project/14-2.WorkSpaceOne/woi-v1.1/node_modules/@babel/parser/lib/index.js:11110:23)
      at TypeScriptParserMixin.parseMaybeUnary (/Users/joseph/Dev_project/14-2.WorkSpaceOne/woi-v1.1/node_modules/@babel/parser/lib/index.js:9890:18)
      at TypeScriptParserMixin.parseMaybeUnaryOrPrivate (/Users/joseph/Dev_project/14-2.WorkSpaceOne/woi-v1.1/node_modules/@babel/parser/lib/index.js:10963:61)
      at TypeScriptParserMixin.parseExprOps (/Users/joseph/Dev_project/14-2.WorkSpaceOne/woi-v1.1/node_modules/@babel/parser/lib/index.js:10968:23)
      at TypeScriptParserMixin.parseMaybeConditional (/Users/joseph/Dev_project/14-2.WorkSpaceOne/woi-v1.1/node_modules/@babel/parser/lib/index.js:10945:23)
      at TypeScriptParserMixin.parseMaybeAssign (/Users/joseph/Dev_project/14-2.WorkSpaceOne/woi-v1.1/node_modules/@babel/parser/lib/index.js:10895:21)
      at /Users/joseph/Dev_project/14-2.WorkSpaceOne/woi-v1.1/node_modules/@babel/parser/lib/index.js:9828:39
      at TypeScriptParserMixin.tryParse (/Users/joseph/Dev_project/14-2.WorkSpaceOne/woi-v1.1/node_modules/@babel/parser/lib/index.js:6932:20)
      at TypeScriptParserMixin.parseMaybeAssign (/Users/joseph/Dev_project/14-2.WorkSpaceOne/woi-v1.1/node_modules/@babel/parser/lib/index.js:9828:18)
      at /Users/joseph/Dev_project/14-2.WorkSpaceOne/woi-v1.1/node_modules/@babel/parser/lib/index.js:10864:39
      at TypeScriptParserMixin.allowInAnd (/Users/joseph/Dev_project/14-2.WorkSpaceOne/woi-v1.1/node_modules/@babel/parser/lib/index.js:12500:12)
      at TypeScriptParserMixin.parseMaybeAssignAllowIn (/Users/joseph/Dev_project/14-2.WorkSpaceOne/woi-v1.1/node_modules/@babel/parser/lib/index.js:10864:17)
      at TypeScriptParserMixin.parseMaybeAssignAllowInOrVoidPattern (/Users/joseph/Dev_project/14-2.WorkSpaceOne/woi-v1.1/node_modules/@babel/parser/lib/index.js:12567:17)
      at TypeScriptParserMixin.parseParenAndDistinguishExpression (/Users/joseph/Dev_project/14-2.WorkSpaceOne/woi-v1.1/node_modules/@babel/parser/lib/index.js:11747:28)
      at TypeScriptParserMixin.parseExprAtom (/Users/joseph/Dev_project/14-2.WorkSpaceOne/woi-v1.1/node_modules/@babel/parser/lib/index.js:11395:23)
      at TypeScriptParserMixin.parseExprAtom (/Users/joseph/Dev_project/14-2.WorkSpaceOne/woi-v1.1/node_modules/@babel/parser/lib/index.js:4793:20)
      at TypeScriptParserMixin.parseExprSubscripts (/Users/joseph/Dev_project/14-2.WorkSpaceOne/woi-v1.1/node_modules/@babel/parser/lib/index.js:11145:23)
PM 6:26:57 [vite] hmr update /src/pages/FirewallPolicy.tsx, /src/index.css
PM 6:40:07 [vite] hmr update /src/pages/FirewallPolicy.tsx, /src/index.css
PM 6:42:48 [vite] hmr update /src/pages/FirewallPolicy.tsx, /src/index.css
PM 6:42:59 [vite] page reload src/pages/VdiRequest.tsx
PM 6:42:59 [vite] Pre-transform error: Failed to load url /src/pages/FirewallPolicy.tsx (resolved id: /Users/joseph/Dev_project/14-2.WorkSpaceOne/woi-v1.1/src/pages/FirewallPolicy.tsx) in /Users/joseph/Dev_project/14-2.WorkSpaceOne/woi-v1.1/src/App.tsx. Does the file exist?
PM 6:43:01 [vite] hmr update /src/App.tsx, /src/index.css
PM 6:43:03 [vite] hmr update /src/components/Layout.tsx, /src/index.css
PM 6:51:38 [vite] hmr update /src/App.tsx, /src/index.css
PM 6:51:40 [vite] hmr update /src/App.tsx, /src/index.css
PM 6:52:11 [vite] hmr update /src/components/Layout.tsx, /src/index.css
PM 6:52:12 [vite] hmr update /src/components/Layout.tsx, /src/index.css
PM 6:52:20 [vite] hmr update /src/components/Layout.tsx, /src/index.css
PM 6:52:22 [vite] hmr update /src/components/Layout.tsx, /src/index.css
PM 6:52:44 [vite] hmr update /src/pages/VdiRequest.tsx, /src/index.css
PM 6:52:46 [vite] hmr update /src/pages/VdiRequest.tsx, /src/index.css
PM 6:53:23 [vite] hmr update /src/pages/VdiRequest.tsx, /src/index.css
PM 6:53:42 [vite] hmr update /src/pages/VdiRequest.tsx, /src/index.css
PM 6:53:48 [vite] hmr update /src/pages/VdiRequest.tsx, /src/index.css
PM 6:53:50 [vite] hmr update /src/pages/VdiRequest.tsx, /src/index.css
PM 6:53:53 [vite] hmr update /src/pages/VdiRequest.tsx, /src/index.css
PM 6:53:55 [vite] hmr update /src/pages/VdiRequest.tsx, /src/index.css
PM 6:57:47 [vite] hmr update /src/context/LanguageContext.tsx, /src/index.css
PM 6:57:47 [vite] hmr invalidate /src/context/LanguageContext.tsx Could not Fast Refresh ("useLanguage" export is incompatible). Learn more at https://github.com/vitejs/vite-plugin-react/tree/main/packages/plugin-react#consistent-components-exports
PM 6:57:47 [vite] hmr update /src/App.tsx, /src/index.css, /src/components/Layout.tsx, /src/pages/VdiRequest.tsx
PM 7:01:36 [vite] hmr update /src/context/LanguageContext.tsx, /src/index.css
PM 7:01:37 [vite] hmr invalidate /src/context/LanguageContext.tsx Could not Fast Refresh ("useLanguage" export is incompatible). Learn more at https://github.com/vitejs/vite-plugin-react/tree/main/packages/plugin-react#consistent-components-exports
PM 7:01:37 [vite] hmr update /src/App.tsx, /src/index.css, /src/components/Layout.tsx, /src/pages/VdiRequest.tsx
PM 7:02:40 [vite] hmr update /src/pages/Dashboard.tsx, /src/index.css
PM 7:03:31 [vite] hmr update /src/context/LanguageContext.tsx, /src/index.css
PM 7:03:39 [vite] hmr update /src/pages/Dashboard.tsx, /src/index.css
PM 7:04:23 [vite] hmr update /src/pages/Users.tsx, /src/index.css
PM 7:04:34 [vite] hmr update /src/context/LanguageContext.tsx, /src/index.css
PM 7:05:21 [vite] hmr update /src/pages/ThreatsPage.tsx, /src/index.css
